TN:
SF:/home/maxwell/ownsphere_core_storage_engine/src/crypto/checksum.cpp
FN:4,14,_Z15computeChecksumB5cxx11RKSt6vectorIcSaIcEE
FNDA:54,_Z15computeChecksumB5cxx11RKSt6vectorIcSaIcEE
FNF:1
FNH:1
DA:4,54
DA:5,54
DA:7,4214629
DA:8,4214575
DA:11,53
DA:12,55
DA:13,107
DA:14,54
LF:8
LH:8
end_of_record
TN:
SF:/home/maxwell/ownsphere_core_storage_engine/src/crypto/encryption.cpp
FN:13,16,_Z11decryptDataRKSt6vectorIcSaIcEERKNSt7__cxx1112basic_stringIcSt11char_traitsIcES0_EE
FN:3,11,_Z11encryptDataRKSt6vectorIcSaIcEERKNSt7__cxx1112basic_stringIcSt11char_traitsIcES0_EE
FNDA:4,_Z11decryptDataRKSt6vectorIcSaIcEERKNSt7__cxx1112basic_stringIcSt11char_traitsIcES0_EE
FNDA:43,_Z11encryptDataRKSt6vectorIcSaIcEERKNSt7__cxx1112basic_stringIcSt11char_traitsIcES0_EE
FNF:2
FNH:2
DA:3,43
DA:4,43
DA:6,4194588
DA:7,4194545
DA:10,42
DA:13,4
DA:15,4
LF:7
LH:7
end_of_record
TN:
SF:/home/maxwell/ownsphere_core_storage_engine/src/engine/storage_engine.cpp
FN:122,201,_ZN13StorageEngine12retrieveFileERKNSt7__cxx1112basic_stringIcSt11char_traitsIcESaIcEEES7_St8functionIFviEE
FN:17,20,_ZL14updateProgressRKNSt7__cxx1112basic_stringIcSt11char_traitsIcESaIcEEEi
FN:203,223,_ZN13StorageEngine10deleteFileERKNSt7__cxx1112basic_stringIcSt11char_traitsIcESaIcEEE
FN:226,243,_ZN13StorageEngine9listFilesB5cxx11Ev
FN:23,27,_ZN13StorageEngine11getProgressERKNSt7__cxx1112basic_stringIcSt11char_traitsIcESaIcEEE
FN:30,119,_ZN13StorageEngine9storeFileERKNSt7__cxx1112basic_stringIcSt11char_traitsIcESaIcEEES7_St8functionIFviEE
FNDA:7,_ZN13StorageEngine12retrieveFileERKNSt7__cxx1112basic_stringIcSt11char_traitsIcESaIcEEES7_St8functionIFviEE
FNDA:82,_ZL14updateProgressRKNSt7__cxx1112basic_stringIcSt11char_traitsIcESaIcEEEi
FNDA:1,_ZN13StorageEngine10deleteFileERKNSt7__cxx1112basic_stringIcSt11char_traitsIcESaIcEEE
FNDA:3,_ZN13StorageEngine9listFilesB5cxx11Ev
FNDA:0,_ZN13StorageEngine11getProgressERKNSt7__cxx1112basic_stringIcSt11char_traitsIcESaIcEEE
FNDA:42,_ZN13StorageEngine9storeFileERKNSt7__cxx1112basic_stringIcSt11char_traitsIcESaIcEEES7_St8functionIFviEE
FNF:6
FNH:5
DA:17,82
DA:18,82
DA:19,85
DA:20,85
DA:23,0
DA:24,0
DA:25,0
DA:26,0
DA:27,0
DA:30,42
DA:37,42
DA:39,42
DA:40,1
DA:41,1
DA:45,41
DA:46,41
DA:47,41
DA:50,41
DA:51,1
DA:53,1
DA:54,0
DA:57,1
DA:59,1
DA:60,0
DA:63,1
DA:64,1
DA:65,1
DA:67,40
DA:69,40
DA:70,40
DA:71,40
DA:74,80
DA:76,80
DA:77,79
DA:79,79
DA:81,39
DA:83,39
DA:85,39
DA:86,38
DA:88,38
DA:89,0
DA:92,40
DA:94,38
DA:95,38
DA:96,39
DA:98,39
DA:101,37
DA:102,37
DA:104,37
DA:106,40
DA:107,1
DA:109,120
DA:111,40
DA:112,0
DA:115,40
DA:117,40
DA:118,40
DA:119,42
DA:122,7
DA:130,7
DA:132,7
DA:133,1
DA:134,1
DA:138,6
DA:141,6
DA:142,1
DA:143,1
DA:144,0
DA:145,0
DA:148,1
DA:150,1
DA:152,1
DA:153,0
DA:156,1
DA:157,1
DA:158,1
DA:161,5
DA:162,5
DA:163,0
DA:164,0
DA:167,5
DA:168,5
DA:170,8
DA:171,5
DA:173,5
DA:174,5
DA:175,1
DA:176,1
DA:179,4
DA:181,4
DA:182,1
DA:183,1
DA:186,3
DA:189,3
DA:190,3
DA:192,3
DA:194,3
DA:195,0
DA:197,8
DA:199,3
DA:200,3
DA:201,7
DA:203,1
DA:207,1
DA:210,1
DA:211,2
DA:212,1
DA:213,1
DA:214,1
DA:218,1
DA:219,1
DA:221,1
DA:222,1
DA:223,1
DA:226,3
DA:227,3
DA:228,3
DA:231,129
DA:232,126
DA:234,126
DA:235,126
DA:237,129
DA:238,0
DA:239,0
DA:240,0
DA:242,6
DA:243,3
LF:127
LH:109
end_of_record
TN:
SF:/home/maxwell/ownsphere_core_storage_engine/src/storage/chunk_manager.cpp
FN:17,26,_ZN12ChunkManager9readChunkERKNSt7__cxx1112basic_stringIcSt11char_traitsIcESaIcEEE
FN:6,15,_ZN12ChunkManager10writeChunkERKNSt7__cxx1112basic_stringIcSt11char_traitsIcESaIcEEERKSt6vectorIcS4_E
FNDA:5,_ZN12ChunkManager9readChunkERKNSt7__cxx1112basic_stringIcSt11char_traitsIcESaIcEEE
FNDA:38,_ZN12ChunkManager10writeChunkERKNSt7__cxx1112basic_stringIcSt11char_traitsIcESaIcEEERKSt6vectorIcS4_E
FNF:2
FNH:2
DA:6,38
DA:7,38
DA:8,40
DA:9,40
DA:10,0
DA:11,0
DA:13,40
DA:14,40
DA:15,40
DA:17,5
DA:18,5
DA:19,5
DA:20,1
DA:21,1
DA:25,4
DA:26,5
LF:16
LH:14
end_of_record
TN:
SF:/home/maxwell/ownsphere_core_storage_engine/src/storage/metadata_manager.cpp
FN:41,80,_ZN15MetadataManager10loadChunksERKNSt7__cxx1112basic_stringIcSt11char_traitsIcESaIcEEE
FN:8,38,_ZN15MetadataManager12saveMetadataERKNSt7__cxx1112basic_stringIcSt11char_traitsIcESaIcEEERKSt6vectorI9ChunkInfoSaIS9_EEm
FNDA:7,_ZN15MetadataManager10loadChunksERKNSt7__cxx1112basic_stringIcSt11char_traitsIcESaIcEEE
FNDA:41,_ZN15MetadataManager12saveMetadataERKNSt7__cxx1112basic_stringIcSt11char_traitsIcESaIcEEERKSt6vectorI9ChunkInfoSaIS9_EEm
FNF:2
FNH:2
DA:8,41
DA:12,41
DA:14,41
DA:15,41
DA:17,0
DA:18,0
DA:21,41
DA:22,41
DA:23,41
DA:24,41
DA:26,81
DA:28,80
DA:29,40
DA:31,40
DA:32,0
DA:33,40
DA:36,41
DA:37,41
DA:38,41
DA:41,7
DA:43,7
DA:45,7
DA:47,7
DA:49,0
DA:50,0
DA:55,7
DA:57,7
DA:59,13
DA:61,6
DA:64,6
DA:65,6
DA:66,6
DA:69,6
DA:70,6
DA:71,6
DA:72,6
DA:74,6
DA:76,6
DA:77,6
DA:79,7
DA:80,7
LF:41
LH:36
end_of_record
TN:
SF:/home/maxwell/ownsphere_core_storage_engine/tests/test_checksum.cpp
FN:19,19,_ZN32ChecksumTest_DifferentInput_Test8TestBodyEv
FN:19,19,_ZN32ChecksumTest_DifferentInput_TestC2Ev
FN:19,19,_ZN32ChecksumTest_DifferentInput_TestD0Ev
FN:19,19,_ZN32ChecksumTest_DifferentInput_TestD2Ev
FN:29,29,_ZN27ChecksumTest_EmptyData_Test8TestBodyEv
FN:29,29,_ZN27ChecksumTest_EmptyData_TestC2Ev
FN:29,29,_ZN27ChecksumTest_EmptyData_TestD0Ev
FN:29,29,_ZN27ChecksumTest_EmptyData_TestD2Ev
FN:39,39,_ZN33ChecksumTest_SingleCharacter_Test8TestBodyEv
FN:39,39,_ZN33ChecksumTest_SingleCharacter_TestC2Ev
FN:39,39,_ZN33ChecksumTest_SingleCharacter_TestD0Ev
FN:39,39,_ZN33ChecksumTest_SingleCharacter_TestD2Ev
FN:50,50,_ZN40ChecksumTest_LargeDataDeterministic_Test8TestBodyEv
FN:50,50,_ZN40ChecksumTest_LargeDataDeterministic_TestC2Ev
FN:50,50,_ZN40ChecksumTest_LargeDataDeterministic_TestD0Ev
FN:50,50,_ZN40ChecksumTest_LargeDataDeterministic_TestD2Ev
FN:62,62,_ZN40ChecksumTest_SmallChangeChangesHash_Test8TestBodyEv
FN:62,62,_ZN40ChecksumTest_SmallChangeChangesHash_TestC2Ev
FN:62,62,_ZN40ChecksumTest_SmallChangeChangesHash_TestD0Ev
FN:62,62,_ZN40ChecksumTest_SmallChangeChangesHash_TestD2Ev
FN:72,78,_ZN28ChecksumTest_BinaryData_Test8TestBodyEv
FN:72,78,_ZN28ChecksumTest_BinaryData_TestC2Ev
FN:72,78,_ZN28ChecksumTest_BinaryData_TestD0Ev
FN:72,78,_ZN28ChecksumTest_BinaryData_TestD2Ev
FN:9,9,_ZN31ChecksumTest_Deterministic_Test8TestBodyEv
FN:9,9,_ZN31ChecksumTest_Deterministic_TestC2Ev
FN:9,9,_ZN31ChecksumTest_Deterministic_TestD0Ev
FN:9,9,_ZN31ChecksumTest_Deterministic_TestD2Ev
FNDA:1,_ZN32ChecksumTest_DifferentInput_Test8TestBodyEv
FNDA:1,_ZN32ChecksumTest_DifferentInput_TestC2Ev
FNDA:1,_ZN32ChecksumTest_DifferentInput_TestD0Ev
FNDA:1,_ZN32ChecksumTest_DifferentInput_TestD2Ev
FNDA:1,_ZN27ChecksumTest_EmptyData_Test8TestBodyEv
FNDA:1,_ZN27ChecksumTest_EmptyData_TestC2Ev
FNDA:1,_ZN27ChecksumTest_EmptyData_TestD0Ev
FNDA:1,_ZN27ChecksumTest_EmptyData_TestD2Ev
FNDA:1,_ZN33ChecksumTest_SingleCharacter_Test8TestBodyEv
FNDA:1,_ZN33ChecksumTest_SingleCharacter_TestC2Ev
FNDA:1,_ZN33ChecksumTest_SingleCharacter_TestD0Ev
FNDA:1,_ZN33ChecksumTest_SingleCharacter_TestD2Ev
FNDA:1,_ZN40ChecksumTest_LargeDataDeterministic_Test8TestBodyEv
FNDA:1,_ZN40ChecksumTest_LargeDataDeterministic_TestC2Ev
FNDA:1,_ZN40ChecksumTest_LargeDataDeterministic_TestD0Ev
FNDA:1,_ZN40ChecksumTest_LargeDataDeterministic_TestD2Ev
FNDA:1,_ZN40ChecksumTest_SmallChangeChangesHash_Test8TestBodyEv
FNDA:1,_ZN40ChecksumTest_SmallChangeChangesHash_TestC2Ev
FNDA:1,_ZN40ChecksumTest_SmallChangeChangesHash_TestD0Ev
FNDA:1,_ZN40ChecksumTest_SmallChangeChangesHash_TestD2Ev
FNDA:1,_ZN28ChecksumTest_BinaryData_Test8TestBodyEv
FNDA:1,_ZN28ChecksumTest_BinaryData_TestC2Ev
FNDA:1,_ZN28ChecksumTest_BinaryData_TestD0Ev
FNDA:1,_ZN28ChecksumTest_BinaryData_TestD2Ev
FNDA:1,_ZN31ChecksumTest_Deterministic_Test8TestBodyEv
FNDA:1,_ZN31ChecksumTest_Deterministic_TestC2Ev
FNDA:1,_ZN31ChecksumTest_Deterministic_TestD0Ev
FNDA:1,_ZN31ChecksumTest_Deterministic_TestD2Ev
FNF:28
FNH:28
DA:9,4
DA:10,2
DA:12,1
DA:13,1
DA:15,1
DA:16,1
DA:19,4
DA:20,2
DA:21,2
DA:23,1
DA:24,1
DA:29,4
DA:30,1
DA:32,1
DA:35,1
DA:36,1
DA:39,4
DA:40,2
DA:42,1
DA:44,1
DA:45,1
DA:50,4
DA:51,1
DA:53,1
DA:54,1
DA:56,1
DA:57,1
DA:62,4
DA:63,2
DA:64,2
DA:66,1
DA:67,1
DA:72,4
DA:73,2
DA:75,1
DA:77,1
DA:78,1
LF:37
LH:37
end_of_record
TN:
SF:/home/maxwell/ownsphere_core_storage_engine/tests/test_storage_engine.cpp
FN:110,110,_ZN42StorageEngineTest_OverwriteSameFileId_Test8TestBodyEv
FN:110,110,_ZN42StorageEngineTest_OverwriteSameFileId_TestC2Ev
FN:110,110,_ZN42StorageEngineTest_OverwriteSameFileId_TestD0Ev
FN:110,110,_ZN42StorageEngineTest_OverwriteSameFileId_TestD2Ev
FN:12,16,_Z8readFileRKNSt7__cxx1112basic_stringIcSt11char_traitsIcESaIcEEE
FN:132,148,_ZN44StorageEngineTest_ProgressCallbackWorks_Test8TestBodyEv
FN:132,148,_ZN44StorageEngineTest_ProgressCallbackWorks_TestC2Ev
FN:132,148,_ZN44StorageEngineTest_ProgressCallbackWorks_TestD0Ev
FN:132,148,_ZN44StorageEngineTest_ProgressCallbackWorks_TestD2Ev
FN:141,141,_ZZN44StorageEngineTest_ProgressCallbackWorks_Test8TestBodyEvENKUliE_clEi
FN:153,153,_ZN50StorageEngineAdvancedTest_MissingChunkFailure_Test8TestBodyEv
FN:153,153,_ZN50StorageEngineAdvancedTest_MissingChunkFailure_TestC2Ev
FN:153,153,_ZN50StorageEngineAdvancedTest_MissingChunkFailure_TestD0Ev
FN:153,153,_ZN50StorageEngineAdvancedTest_MissingChunkFailure_TestD2Ev
FN:174,174,_ZN49StorageEngineAdvancedTest_ChecksumCorruption_Test8TestBodyEv
FN:174,174,_ZN49StorageEngineAdvancedTest_ChecksumCorruption_TestC2Ev
FN:174,174,_ZN49StorageEngineAdvancedTest_ChecksumCorruption_TestD0Ev
FN:174,174,_ZN49StorageEngineAdvancedTest_ChecksumCorruption_TestD2Ev
FN:18,22,_Z10createFileRKNSt7__cxx1112basic_stringIcSt11char_traitsIcESaIcEEES6_
FN:197,213,_ZN48StorageEngineAdvancedTest_LargeFileHandling_Test8TestBodyEv
FN:197,213,_ZN48StorageEngineAdvancedTest_LargeFileHandling_TestC2Ev
FN:197,213,_ZN48StorageEngineAdvancedTest_LargeFileHandling_TestD0Ev
FN:197,213,_ZN48StorageEngineAdvancedTest_LargeFileHandling_TestD2Ev
FN:216,216,_ZN44StorageEngineAdvancedTest_MultipleFiles_Test8TestBodyEv
FN:216,216,_ZN44StorageEngineAdvancedTest_MultipleFiles_TestC2Ev
FN:216,216,_ZN44StorageEngineAdvancedTest_MultipleFiles_TestD0Ev
FN:216,216,_ZN44StorageEngineAdvancedTest_MultipleFiles_TestD2Ev
FN:231,250,_ZN47StorageEngineAdvancedTest_ConcurrentWrites_Test8TestBodyEv
FN:231,250,_ZN47StorageEngineAdvancedTest_ConcurrentWrites_TestC2Ev
FN:231,250,_ZN47StorageEngineAdvancedTest_ConcurrentWrites_TestD0Ev
FN:231,250,_ZN47StorageEngineAdvancedTest_ConcurrentWrites_TestD2Ev
FN:234,239,_ZZN47StorageEngineAdvancedTest_ConcurrentWrites_Test8TestBodyEvENKUliE_clEi
FN:24,26,_Z8uniqueIdB5cxx11v
FN:28,30,_Z7cleanupRKNSt7__cxx1112basic_stringIcSt11char_traitsIcESaIcEEE
FN:34,34,_ZN43StorageEngineTest_StoreAndRetrieveFile_Test8TestBodyEv
FN:34,34,_ZN43StorageEngineTest_StoreAndRetrieveFile_TestC2Ev
FN:34,34,_ZN43StorageEngineTest_StoreAndRetrieveFile_TestD0Ev
FN:34,34,_ZN43StorageEngineTest_StoreAndRetrieveFile_TestD2Ev
FN:51,51,_ZN40StorageEngineTest_EmptyFileHandling_Test8TestBodyEv
FN:51,51,_ZN40StorageEngineTest_EmptyFileHandling_TestC2Ev
FN:51,51,_ZN40StorageEngineTest_EmptyFileHandling_TestD0Ev
FN:51,51,_ZN40StorageEngineTest_EmptyFileHandling_TestD2Ev
FN:68,68,_ZN33StorageEngineTest_DeleteFile_Test8TestBodyEv
FN:68,68,_ZN33StorageEngineTest_DeleteFile_TestC2Ev
FN:68,68,_ZN33StorageEngineTest_DeleteFile_TestD0Ev
FN:68,68,_ZN33StorageEngineTest_DeleteFile_TestD2Ev
FN:85,88,_ZN39StorageEngineTest_InvalidInputFile_Test8TestBodyEv
FN:85,88,_ZN39StorageEngineTest_InvalidInputFile_TestC2Ev
FN:85,88,_ZN39StorageEngineTest_InvalidInputFile_TestD0Ev
FN:85,88,_ZN39StorageEngineTest_InvalidInputFile_TestD2Ev
FN:90,108,_ZN32StorageEngineTest_ListFiles_Test8TestBodyEv
FN:90,108,_ZN32StorageEngineTest_ListFiles_TestC2Ev
FN:90,108,_ZN32StorageEngineTest_ListFiles_TestD0Ev
FN:90,108,_ZN32StorageEngineTest_ListFiles_TestD2Ev
FNDA:1,_ZN42StorageEngineTest_OverwriteSameFileId_Test8TestBodyEv
FNDA:1,_ZN42StorageEngineTest_OverwriteSameFileId_TestC2Ev
FNDA:1,_ZN42StorageEngineTest_OverwriteSameFileId_TestD0Ev
FNDA:1,_ZN42StorageEngineTest_OverwriteSameFileId_TestD2Ev
FNDA:4,_Z8readFileRKNSt7__cxx1112basic_stringIcSt11char_traitsIcESaIcEEE
FNDA:1,_ZN44StorageEngineTest_ProgressCallbackWorks_Test8TestBodyEv
FNDA:1,_ZN44StorageEngineTest_ProgressCallbackWorks_TestC2Ev
FNDA:1,_ZN44StorageEngineTest_ProgressCallbackWorks_TestD0Ev
FNDA:1,_ZN44StorageEngineTest_ProgressCallbackWorks_TestD2Ev
FNDA:1,_ZZN44StorageEngineTest_ProgressCallbackWorks_Test8TestBodyEvENKUliE_clEi
FNDA:1,_ZN50StorageEngineAdvancedTest_MissingChunkFailure_Test8TestBodyEv
FNDA:1,_ZN50StorageEngineAdvancedTest_MissingChunkFailure_TestC2Ev
FNDA:1,_ZN50StorageEngineAdvancedTest_MissingChunkFailure_TestD0Ev
FNDA:1,_ZN50StorageEngineAdvancedTest_MissingChunkFailure_TestD2Ev
FNDA:1,_ZN49StorageEngineAdvancedTest_ChecksumCorruption_Test8TestBodyEv
FNDA:1,_ZN49StorageEngineAdvancedTest_ChecksumCorruption_TestC2Ev
FNDA:1,_ZN49StorageEngineAdvancedTest_ChecksumCorruption_TestD0Ev
FNDA:1,_ZN49StorageEngineAdvancedTest_ChecksumCorruption_TestD2Ev
FNDA:39,_Z10createFileRKNSt7__cxx1112basic_stringIcSt11char_traitsIcESaIcEEES6_
FNDA:1,_ZN48StorageEngineAdvancedTest_LargeFileHandling_Test8TestBodyEv
FNDA:1,_ZN48StorageEngineAdvancedTest_LargeFileHandling_TestC2Ev
FNDA:1,_ZN48StorageEngineAdvancedTest_LargeFileHandling_TestD0Ev
FNDA:1,_ZN48StorageEngineAdvancedTest_LargeFileHandling_TestD2Ev
FNDA:1,_ZN44StorageEngineAdvancedTest_MultipleFiles_Test8TestBodyEv
FNDA:1,_ZN44StorageEngineAdvancedTest_MultipleFiles_TestC2Ev
FNDA:1,_ZN44StorageEngineAdvancedTest_MultipleFiles_TestD0Ev
FNDA:1,_ZN44StorageEngineAdvancedTest_MultipleFiles_TestD2Ev
FNDA:1,_ZN47StorageEngineAdvancedTest_ConcurrentWrites_Test8TestBodyEv
FNDA:1,_ZN47StorageEngineAdvancedTest_ConcurrentWrites_TestC2Ev
FNDA:1,_ZN47StorageEngineAdvancedTest_ConcurrentWrites_TestD0Ev
FNDA:1,_ZN47StorageEngineAdvancedTest_ConcurrentWrites_TestD2Ev
FNDA:10,_ZZN47StorageEngineAdvancedTest_ConcurrentWrites_Test8TestBodyEvENKUliE_clEi
FNDA:11,_Z8uniqueIdB5cxx11v
FNDA:47,_Z7cleanupRKNSt7__cxx1112basic_stringIcSt11char_traitsIcESaIcEEE
FNDA:1,_ZN43StorageEngineTest_StoreAndRetrieveFile_Test8TestBodyEv
FNDA:1,_ZN43StorageEngineTest_StoreAndRetrieveFile_TestC2Ev
FNDA:1,_ZN43StorageEngineTest_StoreAndRetrieveFile_TestD0Ev
FNDA:1,_ZN43StorageEngineTest_StoreAndRetrieveFile_TestD2Ev
FNDA:1,_ZN40StorageEngineTest_EmptyFileHandling_Test8TestBodyEv
FNDA:1,_ZN40StorageEngineTest_EmptyFileHandling_TestC2Ev
FNDA:1,_ZN40StorageEngineTest_EmptyFileHandling_TestD0Ev
FNDA:1,_ZN40StorageEngineTest_EmptyFileHandling_TestD2Ev
FNDA:1,_ZN33StorageEngineTest_DeleteFile_Test8TestBodyEv
FNDA:1,_ZN33StorageEngineTest_DeleteFile_TestC2Ev
FNDA:1,_ZN33StorageEngineTest_DeleteFile_TestD0Ev
FNDA:1,_ZN33StorageEngineTest_DeleteFile_TestD2Ev
FNDA:1,_ZN39StorageEngineTest_InvalidInputFile_Test8TestBodyEv
FNDA:1,_ZN39StorageEngineTest_InvalidInputFile_TestC2Ev
FNDA:1,_ZN39StorageEngineTest_InvalidInputFile_TestD0Ev
FNDA:1,_ZN39StorageEngineTest_InvalidInputFile_TestD2Ev
FNDA:1,_ZN32StorageEngineTest_ListFiles_Test8TestBodyEv
FNDA:1,_ZN32StorageEngineTest_ListFiles_TestC2Ev
FNDA:1,_ZN32StorageEngineTest_ListFiles_TestD0Ev
FNDA:1,_ZN32StorageEngineTest_ListFiles_TestD2Ev
FNF:54
FNH:54
DA:12,4
DA:13,4
DA:15,8
DA:16,4
DA:18,39
DA:19,39
DA:20,39
DA:21,39
DA:22,39
DA:24,11
DA:25,11
DA:28,47
DA:29,47
DA:30,47
DA:34,4
DA:37,2
DA:38,1
DA:39,1
DA:41,1
DA:43,1
DA:44,1
DA:45,1
DA:47,1
DA:48,1
DA:49,1
DA:51,4
DA:54,2
DA:55,1
DA:56,1
DA:58,1
DA:60,1
DA:61,1
DA:62,1
DA:64,1
DA:65,1
DA:66,1
DA:68,4
DA:71,2
DA:72,1
DA:73,1
DA:75,1
DA:77,1
DA:78,1
DA:79,1
DA:81,1
DA:82,1
DA:83,1
DA:85,4
DA:87,3
DA:88,1
DA:90,4
DA:93,2
DA:94,1
DA:96,1
DA:97,1
DA:99,1
DA:100,1
DA:102,1
DA:104,1
DA:105,1
DA:107,1
DA:108,1
DA:110,4
DA:113,2
DA:114,2
DA:115,1
DA:116,1
DA:118,2
DA:119,1
DA:121,1
DA:122,1
DA:124,1
DA:125,1
DA:127,1
DA:128,1
DA:129,1
DA:130,1
DA:132,4
DA:135,1
DA:136,1
DA:138,1
DA:140,1
DA:141,2
DA:143,1
DA:145,1
DA:147,1
DA:148,1
DA:153,4
DA:156,2
DA:157,1
DA:158,1
DA:160,1
DA:162,1
DA:164,2
DA:165,1
DA:167,1
DA:169,1
DA:170,1
DA:171,1
DA:174,4
DA:177,2
DA:178,1
DA:179,1
DA:181,1
DA:183,1
DA:185,2
DA:186,2
DA:187,1
DA:188,1
DA:190,1
DA:192,1
DA:193,1
DA:194,1
DA:197,4
DA:200,2
DA:201,1
DA:202,1
DA:204,1
DA:205,2097153
DA:206,1
DA:208,1
DA:209,1
DA:211,1
DA:212,1
DA:213,1
DA:216,4
DA:219,21
DA:220,20
DA:221,20
DA:222,20
DA:223,20
DA:224,20
DA:226,1
DA:227,1
DA:228,1
DA:231,4
DA:234,10
DA:235,10
DA:236,10
DA:237,10
DA:238,10
DA:239,11
DA:241,1
DA:243,11
DA:244,10
DA:246,11
DA:248,1
DA:249,1
DA:250,1
LF:149
LH:149
end_of_record
